         
********************************************************************
Job Name:r_cl0,Job ID:681656,Allocate Nodes:172-16-30-[45-46]
********************************************************************


--- Logging error ---
Traceback (most recent call last):
  File "/home/wangzhaowei/anaconda3/envs/rongyf/lib/python3.6/logging/__init__.py", line 992, in emit
    msg = self.format(record)
  File "/home/wangzhaowei/anaconda3/envs/rongyf/lib/python3.6/logging/__init__.py", line 838, in format
    return fmt.format(record)
  File "/home/wangzhaowei/anaconda3/envs/rongyf/lib/python3.6/logging/__init__.py", line 575, in format
    record.message = record.getMessage()
  File "/home/wangzhaowei/anaconda3/envs/rongyf/lib/python3.6/logging/__init__.py", line 338, in getMessage
    msg = msg % self.args
TypeError: not all arguments converted during string formatting
Call stack:
  File "main.py", line 303, in <module>
    train_cnn_model('pnasnet5large_class0', gpu_ids, batch_size)
  File "main.py", line 259, in train_cnn_model
    logging.debug("Let's use ", len(gpu_ids), " GPUs!")
Message: "Let's use "
Arguments: (8, ' GPUs!')
